Fra:1 Mem:2856.58M (0.00M, Peak 2856.60M) | Time:00:00.00 | Syncing Camera
Fra:1 Mem:2856.58M (0.00M, Peak 2856.60M) | Time:00:00.00 | Syncing prova.fspy
Fra:1 Mem:2856.58M (0.00M, Peak 2856.60M) | Time:00:00.00 | Syncing Empty
Fra:1 Mem:2856.58M (0.00M, Peak 2856.60M) | Time:00:00.00 | Syncing Luce-1
Fra:1 Mem:2856.58M (0.00M, Peak 2856.60M) | Time:00:00.00 | Syncing Luce-2
Fra:1 Mem:2856.58M (0.00M, Peak 2856.60M) | Time:00:00.00 | Syncing X1-Y4-Z2
Fra:1 Mem:2857.51M (0.00M, Peak 2857.93M) | Time:00:00.01 | Syncing X1-Y2-Z1
Fra:1 Mem:2857.88M (0.00M, Peak 2858.06M) | Time:00:00.01 | Rendering 1 / 64 samples
Fra:1 Mem:2856.60M (0.00M, Peak 2858.06M) | Time:00:00.04 | Rendering 26 / 64 samples
Fra:1 Mem:2856.60M (0.00M, Peak 2858.06M) | Time:00:00.06 | Rendering 51 / 64 samples
Fra:1 Mem:2856.60M (0.00M, Peak 2858.06M) | Time:00:00.07 | Rendering 64 / 64 samples
Fra:1 Mem:2836.87M (0.00M, Peak 2858.06M) | Time:00:00.08 | Compositing
Fra:1 Mem:2836.87M (0.00M, Peak 2858.06M) | Time:00:00.08 | Compositing | Determining resolution
Fra:1 Mem:2836.87M (0.00M, Peak 2858.06M) | Time:00:00.08 | Compositing | Initializing execution
Fra:1 Mem:2872.09M (0.00M, Peak 2872.09M) | Time:00:00.09 | Compositing | Tile 2-15
Fra:1 Mem:2872.09M (0.00M, Peak 2872.09M) | Time:00:00.09 | Compositing | Tile 1-15
Fra:1 Mem:2872.09M (0.00M, Peak 2872.09M) Fra:1 Mem:2872.09M (0.00M, Peak 2872.09M) | Time:00:00.09 | Compositing | Tile 9-15
Fra:1 Mem:2872.09M (0.00M, Peak 2872.09M) | Time:00:00.09 | Compositing | Tile 8-15
Fra:1 Mem:2872.09M (0.00M, Peak 2872.09M) Fra:1 Mem:2872.09M (0.00M, Peak 2872.09M) | Time:00:00.09 | Fra:1 Mem:2872.09M (0.00M, Peak 2872.09M) Fra:1 Mem:2872.09M (0.00M, Peak 2872.09M) Fra:1 Mem:2872.09M (0.00M, Peak 2872.09M) | Time:00:00.09 | Compositing | Tile 4-15
Fra:1 Mem:2872.09M (0.00M, Peak 2872.09M) | Time:00:00.09 | Fra:1 Mem:2872.09M (0.00M, Peak 2872.09M) | Time:00:00.09 | Compositing | Tile 13-15
Compositing | Tile 6-15
| Time:00:00.09 | Compositing | Tile 3-15
| Time:00:00.09 | Compositing | Tile 5-15
Fra:1 Mem:2872.09M (0.00M, Peak 2872.09M) | Time:00:00.09 | Compositing | Tile 7-15
| Time:00:00.09 | Compositing | Tile 10-15
Compositing | Tile 11-15
| Time:00:00.09 | Compositing | Tile 12-15
Fra:1 Mem:2872.09M (0.00M, Peak 2872.09M) | Time:00:00.09 | Compositing | Tile 14-15
Fra:1 Mem:2872.09M (0.00M, Peak 2872.09M) | Time:00:00.09 | Compositing | Tile 15-15
Fra:1 Mem:2872.09M (0.00M, Peak 2872.09M) Fra:1 Mem:2872.09M (0.00M, Peak 2872.09M) | Time:00:00.10 | Compositing | Tile 4-15| Time:00:00.10 | Compositing | Tile 1-15
Fra:1 Mem:2872.09M (0.00M, Peak 2872.09M) | Time:00:00.10 | Compositing | Tile 3-15

Fra:1 Mem:2872.09M (0.00M, Peak 2872.09M) | Time:00:00.10 | Compositing | Tile 2-15
Fra:1 Mem:2872.09M (0.00M, Peak 2872.09M) | Time:00:00.10 | Compositing | Tile 5-15
Fra:1 Mem:2872.09M (0.00M, Peak 2872.09M) | Time:00:00.10 | Compositing | Tile 6-15
Fra:1 Mem:2872.09M (0.00M, Peak 2872.09M) | Time:00:00.10 | Compositing | Tile 7-15
Fra:1 Mem:2872.09M (0.00M, Peak 2872.09M) | Time:00:00.10 | Compositing | Tile 8-15
Fra:1 Mem:2872.09M (0.00M, Peak 2872.09M) | Time:00:00.10 | Fra:1 Mem:2872.09M (0.00M, Peak 2872.09M) | Time:00:00.10 | Compositing | Tile 9-15
Compositing | Tile 10-15
Fra:1 Mem:2872.09M (0.00M, Peak 2872.09M) | Time:00:00.10 | Compositing | Tile 11-15
Fra:1 Mem:2872.09M (0.00M, Peak 2872.09M) | Time:00:00.10 | Compositing | Tile 12-15
Fra:1 Mem:2872.09M (0.00M, Peak 2872.09M) | Time:00:00.10 | Compositing | Tile 13-15
Fra:1 Mem:2872.09M (0.00M, Peak 2872.09M) | Time:00:00.10 | Compositing | Tile 14-15
Fra:1 Mem:2872.09M (0.00M, Peak 2872.09M) | Time:00:00.10 | Compositing | Tile 15-15
Fra:1 Mem:2872.03M (0.00M, Peak 2872.09M) | Time:00:00.10 | Compositing | De-initializing execution
Fra:1 Mem:2854.45M (0.00M, Peak 2872.09M) | Time:00:00.11 | Sce: Scene Ve:0 Fa:0 La:0
Saved: './dataset/train/images/1443.png'
 Time: 00:00.24 (Saving: 00:00.13)

0.11)

Saved: './dataset/test/images/1440.png'
 Time: 00:00.24 (Saving: 00:00.13)


2)

2)

0:00.11)


00M, Peak 158.88M) Fra:1 Mem:158.88M (0.00M, Peak 158.88M) | Time:00:00.10 | Compositing | Tile 37-40
| Time:00:00.10 | Compositing | Tile 36-40
Fra:1 Mem:158.88M (0.00M, Peak 158.88M) | Time:00:00.10 | Compositing | Tile 38-40
Fra:1 Mem:158.88M (0.00M, Peak 158.88M) | Time:00:00.10 | Compositing | Tile 39-40
Fra:1 Mem:158.88M (0.00M, Peak 158.88M) | Time:00:00.10 | Compositing | Tile 40-40
Fra:1 Mem:158.88M (0.00M, Peak 158.88M) | Time:00:00.10 | Compositing | Tile 1-40
Fra:1 Mem:158.88M (0.00M, Peak 158.88M) | Time:00:00.11 | Compositing | Tile 2-40
Fra:1 Mem:158.88M (0.00M, Peak 158.88M) | Time:00:00.11 | Compositing | Tile 3-40
Fra:1 Mem:158.88M (0.00M, Peak 158.88M) | Time:00:00.11 | Compositing | Tile 5-40Fra:1 Mem:158.88M (0.00M, Peak 158.88M) | Time:00:00.11 | Compositing | Tile 6-40
Fra:1 Mem:158.88M (0.00M, Peak 158.88M) Fra:1 Mem:158.88M (0.00M, Peak 158.88M) | Time:00:00.11 | Compositing | Tile 9-40
Fra:1 Mem:158.88M (0.00M, Peak 158.88M) | Time:00:00.11 | Compositing | Tile 7-40
Fra:1 Mem:158.88M (0.00M, Peak 158.88M) | Time:00:00.11 | Compositing | Tile 10-40
| Time:00:00.11 | Compositing | Tile 4-40

Fra:1 Mem:158.88M (0.00M, Peak 158.88M) | Time:00:00.11 | Compositing | Tile 8-40
Fra:1 Mem:158.88M (0.00M, Peak 158.88M) | Time:00:00.11 | Compositing | Tile 11-40
Fra:1 Mem:158.88M (0.00M, Peak 158.88M) | Time:00:00.11 | Compositing | Tile 13-40
Fra:1 Mem:158.88M (0.00M, Peak 158.88M) | Time:00:00.11 | Compositing | Tile 14-40
Fra:1 Mem:158.88M (0.00M, Peak 158.88M) | Time:00:00.12 | Compositing | Tile 15-40
Fra:1 Mem:158.88M (0.00M, Peak 158.88M) | Time:00:00.12 | Compositing | Tile 16-40
Fra:1 Mem:158.88M (0.00M, Peak 158.88M) | Time:00:00.12 | Compositing | Tile 17-40
Fra:1 Mem:158.88M (0.00M, Peak 158.88M) | Time:00:00.12 | Compositing | Tile 18-40
Fra:1 Mem:158.88M (0.00M, Peak 158.88M) | Time:00:00.12 | Compositing | Tile 19-40
Fra:1 Mem:158.88M (0.00M, Peak 158.88M) | Time:00:00.12 | Compositing | Tile 20-40
Fra:1 Mem:158.88M (0.00M, Peak 158.88M) | Time:00:00.12 | Compositing | Tile 12-40
Fra:1 Mem:158.88M (0.00M, Peak 158.88M) | Time:00:00.12 | Compositing | Tile 21-40
Fra:1 Mem:158.88M (0.00M, Peak 158.88M) | Time:00:00.12 | Compositing | Tile 22-40
Fra:1 Mem:158.88M (0.00M, Peak 158.88M) | Time:00:00.12 | Compositing | Tile 23-40
Fra:1 Mem:158.88M (0.00M, Peak 158.88M) | Time:00:00.12 | Compositing | Tile 24-40
Fra:1 Mem:158.88M (0.00M, Peak 158.88M) | Time:00:00.12 | Compositing | Tile 28-40
Fra:1 Mem:158.88M (0.00M, Peak 158.88M) | Time:00:00.12 | Compositing | Tile 29-40
Fra:1 Mem:158.88M (0.00M, Peak 158.88M) | Time:00:00.12 | Compositing | Tile 30-40
Fra:1 Mem:158.88M (0.00M, Peak 158.88M) | Time:00:00.12 | Compositing | Tile 25-40
Fra:1 Mem:158.88M (0.00M, Peak 158.88M) | Time:00:00.12 | Compositing | Tile 26-40
Fra:1 Mem:158.88M (0.00M, Peak 158.88M) | Time:00:00.12 | Compositing | Tile 27-40
Fra:1 Mem:158.88M (0.00M, Peak 158.88M) | Time:00:00.12 | Compositing | Tile 31-40
Fra:1 Mem:158.88M (0.00M, Peak 158.88M) | Time:00:00.12 | Compositing | Tile 32-40
Fra:1 Mem:158.88M (0.00M, Peak 158.88M) | Time:00:00.12 | Compositing | Tile 33-40
Fra:1 Mem:158.88M (0.00M, Peak 158.88M) | Time:00:00.12 | Compositing | Tile 34-40
Fra:1 Mem:158.88M (0.00M, Peak 158.88M) | Time:00:00.13 | Compositing | Tile 35-40
Fra:1 Mem:158.88M (0.00M, Peak 158.88M) | Time:00:00.13 | Compositing | Tile 36-40
Fra:1 Mem:158.88M (0.00M, Peak 158.88M) | Time:00:00.13 | Compositing | Tile 37-40
Fra:1 Mem:158.88M (0.00M, Peak 158.88M) | Time:00:00.13 | Compositing | Tile 38-40
Fra:1 Mem:158.88M (0.00M, Peak 158.88M) | Time:00:00.13 | Compositing | Tile 39-40
Fra:1 Mem:158.88M (0.00M, Peak 158.88M) | Time:00:00.13 | Compositing | Tile 40-40
Fra:1 Mem:158.82M (0.00M, Peak 158.88M) | Time:00:00.13 | Compositing | De-initializing execution
Fra:1 Mem:119.27M (0.00M, Peak 158.88M) | Time:00:00.13 | Sce: Scene Ve:0 Fa:0 La:0
Saved: './dataset/valid/images/19.png'
 Time: 00:00.39 (Saving: 00:00.25)

0.24)

/test/images/9.png'
 Time: 00:00.39 (Saving: 00:00.26)

a:0 La:0
Saved: './dataset/test/images/8.png'
 Time: 00:00.39 (Saving: 00:00.25)


25)

.24)





